[debug] [2020-11-18T13:55:16.296Z] ----------------------------------------------------------------------
[debug] [2020-11-18T13:55:16.301Z] Command:       C:\Program Files\nodejs\node.exe C:\Users\khan\AppData\Roaming\npm\node_modules\firebase-tools\lib\bin\firebase.js init
[debug] [2020-11-18T13:55:16.301Z] CLI Version:   8.16.2
[debug] [2020-11-18T13:55:16.301Z] Platform:      win32
[debug] [2020-11-18T13:55:16.301Z] Node Version:  v12.19.0
[debug] [2020-11-18T13:55:16.304Z] Time:          Wed Nov 18 2020 05:55:16 GMT-0800 (Pacific Standard Time)
[debug] [2020-11-18T13:55:16.304Z] ----------------------------------------------------------------------
[debug] [2020-11-18T13:55:16.304Z] 
[debug] [2020-11-18T13:55:16.307Z] >>> [apiv2][query] GET https://firebase-public.firebaseio.com/cli.json [none]
[debug] [2020-11-18T13:55:16.353Z] > command requires scopes: ["email","openid","https://www.googleapis.com/auth/cloudplatformprojects.readonly","https://www.googleapis.com/auth/firebase","https://www.googleapis.com/auth/cloud-platform"]
[debug] [2020-11-18T13:55:16.354Z] > authorizing via signed-in user
[info] 
     ######## #### ########  ######## ########     ###     ######  ########
     ##        ##  ##     ## ##       ##     ##  ##   ##  ##       ##
     ######    ##  ########  ######   ########  #########  ######  ######
     ##        ##  ##    ##  ##       ##     ## ##     ##       ## ##
     ##       #### ##     ## ######## ########  ##     ##  ######  ########

You're about to initialize a Firebase project in this directory:

  C:\Users\khan\Desktop\projectof olx\olxapp

[debug] [2020-11-18T13:55:17.532Z] <<< [apiv2][status] GET https://firebase-public.firebaseio.com/cli.json 200
[debug] [2020-11-18T13:55:17.532Z] <<< [apiv2][body] GET https://firebase-public.firebaseio.com/cli.json {"cloudBuildErrorAfter":1594252800000,"cloudBuildWarnAfter":1590019200000,"defaultNode10After":1594252800000,"minVersion":"3.0.5","node8DeploysDisabledAfter":1613390400000,"node8RuntimeDisabledAfter":1615809600000,"node8WarnAfter":1600128000000}
